[2021-01-30 15:35:27] Текст ошибки: Страница не найдена | Файл: /var/www/html/ishopYli.loc/public/index.php | Строка: 10
===============
[2021-01-30 15:44:59] Текст ошибки: Страница не найдена | Файл: /var/www/html/ishopYli.loc/public/index.php | Строка: 10
===============
[2021-01-30 15:49:46] Текст ошибки: Страница не найдена | Файл: /var/www/html/ishopYli.loc/public/index.php | Строка: 10
===============
[2021-01-30 15:49:49] Текст ошибки: Страница не найдена | Файл: /var/www/html/ishopYli.loc/public/index.php | Строка: 10
===============
[2021-01-30 15:54:33] Текст ошибки: Страница не найдена | Файл: /var/www/html/ishopYli.loc/public/index.php | Строка: 10
===============
[2021-01-30 15:55:54] Текст ошибки: Страница не найдена | Файл: /var/www/html/ishopYli.loc/public/index.php | Строка: 10
===============
[2021-01-31 00:25:35] Текст ошибки: Страница не найдена | Файл: /var/www/html/ishopYli.loc/public/index.php | Строка: 10
===============
[2021-01-31 00:26:14] Текст ошибки: Страница не найдена | Файл: /var/www/html/ishopYli.loc/public/index.php | Строка: 10
===============
[2021-01-31 20:47:50] Текст ошибки: Страница не найдена | Файл: /var/www/html/ishopYli.loc/public/index.php | Строка: 10
===============
[2021-01-31 22:19:05] Текст ошибки: Страница не найдена | Файл: /var/www/html/ishopYli.loc/public/index.php | Строка: 10
===============
[2021-01-31 22:19:08] Текст ошибки: Страница не найдена | Файл: /var/www/html/ishopYli.loc/public/index.php | Строка: 10
===============
[2021-01-31 22:19:09] Текст ошибки: Страница не найдена | Файл: /var/www/html/ishopYli.loc/public/index.php | Строка: 10
===============
[2021-01-31 22:19:11] Текст ошибки: Страница не найдена | Файл: /var/www/html/ishopYli.loc/public/index.php | Строка: 10
===============
[2021-01-31 22:19:50] Текст ошибки: Страница не найдена | Файл: /var/www/html/ishopYli.loc/public/index.php | Строка: 10
===============
[2021-01-31 22:19:51] Текст ошибки: Страница не найдена | Файл: /var/www/html/ishopYli.loc/public/index.php | Строка: 10
===============
[2021-01-31 22:19:51] Текст ошибки: Страница не найдена | Файл: /var/www/html/ishopYli.loc/public/index.php | Строка: 10
===============
[2021-01-31 22:19:52] Текст ошибки: Страница не найдена | Файл: /var/www/html/ishopYli.loc/public/index.php | Строка: 10
===============
[2021-01-31 22:19:52] Текст ошибки: Страница не найдена | Файл: /var/www/html/ishopYli.loc/public/index.php | Строка: 10
===============
[2021-01-31 22:19:53] Текст ошибки: Страница не найдена | Файл: /var/www/html/ishopYli.loc/public/index.php | Строка: 10
===============
[2021-02-01 21:48:17] Текст ошибки: Страница не найдена | Файл: /var/www/html/ishopYli.loc/vendor/ishop/core/Router.php | Строка: 28
===============
[2021-02-01 22:01:43] Текст ошибки: Страница не найдена | Файл: /var/www/html/ishopYli.loc/vendor/ishop/core/Router.php | Строка: 28
===============
[2021-02-01 22:12:30] Текст ошибки: Страница не найдена | Файл: /var/www/html/ishopYli.loc/vendor/ishop/core/Router.php | Строка: 28
===============
[2021-02-01 23:01:16] Текст ошибки: Контроллер app\controllers\ MainController не найден | Файл: /var/www/html/ishopYli.loc/vendor/ishop/core/Router.php | Строка: 40
===============
[2021-02-01 23:03:27] Текст ошибки: Контроллер app\controllers\ MainController не найден | Файл: /var/www/html/ishopYli.loc/vendor/ishop/core/Router.php | Строка: 40
===============
[2021-02-01 23:03:28] Текст ошибки: Контроллер app\controllers\ MainController не найден | Файл: /var/www/html/ishopYli.loc/vendor/ishop/core/Router.php | Строка: 40
===============
[2021-02-01 23:03:29] Текст ошибки: Контроллер app\controllers\ MainController не найден | Файл: /var/www/html/ishopYli.loc/vendor/ishop/core/Router.php | Строка: 40
===============
[2021-02-01 23:03:29] Текст ошибки: Контроллер app\controllers\ MainController не найден | Файл: /var/www/html/ishopYli.loc/vendor/ishop/core/Router.php | Строка: 40
===============
[2021-02-01 23:03:30] Текст ошибки: Контроллер app\controllers\ MainController не найден | Файл: /var/www/html/ishopYli.loc/vendor/ishop/core/Router.php | Строка: 40
===============
[2021-02-01 23:03:32] Текст ошибки: Контроллер app\controllers\ MainController не найден | Файл: /var/www/html/ishopYli.loc/vendor/ishop/core/Router.php | Строка: 40
===============
[2021-02-01 23:07:23] Текст ошибки: Контроллер app\controllers\ MainController не найден | Файл: /var/www/html/ishopYli.loc/vendor/ishop/core/Router.php | Строка: 40
===============
[2021-02-01 23:07:24] Текст ошибки: Контроллер app\controllers\ MainController не найден | Файл: /var/www/html/ishopYli.loc/vendor/ishop/core/Router.php | Строка: 40
===============
[2021-02-01 23:07:24] Текст ошибки: Контроллер app\controllers\ MainController не найден | Файл: /var/www/html/ishopYli.loc/vendor/ishop/core/Router.php | Строка: 40
===============
[2021-02-01 23:07:24] Текст ошибки: Контроллер app\controllers\ MainController не найден | Файл: /var/www/html/ishopYli.loc/vendor/ishop/core/Router.php | Строка: 40
===============
[2021-02-01 23:09:04] Текст ошибки: Контроллер app\controllers\ DfdController не найден | Файл: /var/www/html/ishopYli.loc/vendor/ishop/core/Router.php | Строка: 40
===============
[2021-02-01 23:09:07] Текст ошибки: Контроллер app\controllers\ MainController не найден | Файл: /var/www/html/ishopYli.loc/vendor/ishop/core/Router.php | Строка: 40
===============
[2021-02-01 23:10:47] Текст ошибки: Контроллер app\controllers\ MainController не найден | Файл: /var/www/html/ishopYli.loc/vendor/ishop/core/Router.php | Строка: 40
===============
[2021-02-01 23:10:48] Текст ошибки: Контроллер app\controllers\ MainController не найден | Файл: /var/www/html/ishopYli.loc/vendor/ishop/core/Router.php | Строка: 40
===============
[2021-02-01 23:10:48] Текст ошибки: Контроллер app\controllers\ MainController не найден | Файл: /var/www/html/ishopYli.loc/vendor/ishop/core/Router.php | Строка: 40
===============
[2021-02-01 23:10:48] Текст ошибки: Контроллер app\controllers\ MainController не найден | Файл: /var/www/html/ishopYli.loc/vendor/ishop/core/Router.php | Строка: 40
===============
[2021-02-01 23:10:49] Текст ошибки: Контроллер app\controllers\ MainController не найден | Файл: /var/www/html/ishopYli.loc/vendor/ishop/core/Router.php | Строка: 40
===============
[2021-02-01 23:11:12] Текст ошибки: Контроллер app\controllers\ MainController не найден | Файл: /var/www/html/ishopYli.loc/vendor/ishop/core/Router.php | Строка: 40
===============
[2021-02-01 23:11:13] Текст ошибки: Контроллер app\controllers\ MainController не найден | Файл: /var/www/html/ishopYli.loc/vendor/ishop/core/Router.php | Строка: 40
===============
[2021-02-01 23:13:56] Текст ошибки: Контроллер app\controllers\ MainController не найден | Файл: /var/www/html/ishopYli.loc/vendor/ishop/core/Router.php | Строка: 40
===============
[2021-02-01 23:13:57] Текст ошибки: Контроллер app\controllers\ MainController не найден | Файл: /var/www/html/ishopYli.loc/vendor/ishop/core/Router.php | Строка: 40
===============
[2021-02-01 23:13:57] Текст ошибки: Контроллер app\controllers\ MainController не найден | Файл: /var/www/html/ishopYli.loc/vendor/ishop/core/Router.php | Строка: 40
===============
[2021-02-01 23:13:57] Текст ошибки: Контроллер app\controllers\ MainController не найден | Файл: /var/www/html/ishopYli.loc/vendor/ishop/core/Router.php | Строка: 40
===============
[2021-02-01 23:13:57] Текст ошибки: Контроллер app\controllers\ MainController не найден | Файл: /var/www/html/ishopYli.loc/vendor/ishop/core/Router.php | Строка: 40
===============
[2021-02-01 23:15:38] Текст ошибки: Контроллер app\controllers\ MainController не найден | Файл: /var/www/html/ishopYli.loc/vendor/ishop/core/Router.php | Строка: 40
===============
[2021-02-01 23:15:39] Текст ошибки: Контроллер app\controllers\ MainController не найден | Файл: /var/www/html/ishopYli.loc/vendor/ishop/core/Router.php | Строка: 40
===============
[2021-02-01 23:15:39] Текст ошибки: Контроллер app\controllers\ MainController не найден | Файл: /var/www/html/ishopYli.loc/vendor/ishop/core/Router.php | Строка: 40
===============
[2021-02-01 23:15:39] Текст ошибки: Контроллер app\controllers\ MainController не найден | Файл: /var/www/html/ishopYli.loc/vendor/ishop/core/Router.php | Строка: 40
===============
[2021-02-01 23:15:39] Текст ошибки: Контроллер app\controllers\ MainController не найден | Файл: /var/www/html/ishopYli.loc/vendor/ishop/core/Router.php | Строка: 40
===============
[2021-02-01 23:16:55] Текст ошибки: Контроллер app\controllers\ MainController не найден | Файл: /var/www/html/ishopYli.loc/vendor/ishop/core/Router.php | Строка: 40
===============
[2021-02-01 23:16:56] Текст ошибки: Контроллер app\controllers\ MainController не найден | Файл: /var/www/html/ishopYli.loc/vendor/ishop/core/Router.php | Строка: 40
===============
[2021-02-01 23:17:21] Текст ошибки: Контроллер app\controllers MainController не найден | Файл: /var/www/html/ishopYli.loc/vendor/ishop/core/Router.php | Строка: 40
===============
[2021-02-01 23:17:28] Текст ошибки: Контроллер app\controllers\ MainController не найден | Файл: /var/www/html/ishopYli.loc/vendor/ishop/core/Router.php | Строка: 40
===============
[2021-02-01 23:18:40] Текст ошибки: Метод Контроллера app\controllers\MainController::indexAction не найден | Файл: /var/www/html/ishopYli.loc/vendor/ishop/core/Router.php | Строка: 34
===============
[2021-02-01 23:27:16] Текст ошибки: Контроллер app\controllers\ViewController не найден | Файл: /var/www/html/ishopYli.loc/vendor/ishop/core/Router.php | Строка: 40
===============
[2021-02-01 23:27:23] Текст ошибки: Контроллер app\controllers\ViewController не найден | Файл: /var/www/html/ishopYli.loc/vendor/ishop/core/Router.php | Строка: 40
===============
[2021-02-02 21:40:35] Текст ошибки: Class 'app\controllers\Controller' not found | Файл: /var/www/html/ishopYli.loc/app/controllers/MainController.php | Строка: 7
===============
[2021-02-03 22:09:55] Текст ошибки: Class 'ishop\base\view' not found | Файл: /var/www/html/ishopYli.loc/vendor/ishop/core/base/Controller.php | Строка: 30
===============
[2021-02-03 22:09:56] Текст ошибки: Class 'ishop\base\view' not found | Файл: /var/www/html/ishopYli.loc/vendor/ishop/core/base/Controller.php | Строка: 30
===============
[2021-02-03 22:09:57] Текст ошибки: Class 'ishop\base\view' not found | Файл: /var/www/html/ishopYli.loc/vendor/ishop/core/base/Controller.php | Строка: 30
===============
[2021-02-03 22:09:58] Текст ошибки: Class 'ishop\base\view' not found | Файл: /var/www/html/ishopYli.loc/vendor/ishop/core/base/Controller.php | Строка: 30
===============
[2021-02-03 22:10:00] Текст ошибки: Class 'ishop\base\view' not found | Файл: /var/www/html/ishopYli.loc/vendor/ishop/core/base/Controller.php | Строка: 30
===============
[2021-02-03 22:10:01] Текст ошибки: Class 'ishop\base\view' not found | Файл: /var/www/html/ishopYli.loc/vendor/ishop/core/base/Controller.php | Строка: 30
===============
[2021-02-03 22:10:02] Текст ошибки: Class 'ishop\base\view' not found | Файл: /var/www/html/ishopYli.loc/vendor/ishop/core/base/Controller.php | Строка: 30
===============
[2021-02-03 22:10:02] Текст ошибки: Class 'ishop\base\view' not found | Файл: /var/www/html/ishopYli.loc/vendor/ishop/core/base/Controller.php | Строка: 30
===============
[2021-02-03 22:19:58] Текст ошибки: Class 'ishop\base\view' not found | Файл: /var/www/html/ishopYli.loc/vendor/ishop/core/base/Controller.php | Строка: 30
===============
[2021-02-03 22:19:59] Текст ошибки: Class 'ishop\base\view' not found | Файл: /var/www/html/ishopYli.loc/vendor/ishop/core/base/Controller.php | Строка: 30
===============
[2021-02-03 22:19:59] Текст ошибки: Class 'ishop\base\view' not found | Файл: /var/www/html/ishopYli.loc/vendor/ishop/core/base/Controller.php | Строка: 30
===============
[2021-02-03 22:20:00] Текст ошибки: Class 'ishop\base\view' not found | Файл: /var/www/html/ishopYli.loc/vendor/ishop/core/base/Controller.php | Строка: 30
===============
[2021-02-03 22:20:00] Текст ошибки: Class 'ishop\base\view' not found | Файл: /var/www/html/ishopYli.loc/vendor/ishop/core/base/Controller.php | Строка: 30
===============
[2021-02-03 22:20:34] Текст ошибки: Class 'ishop\base\view' not found | Файл: /var/www/html/ishopYli.loc/vendor/ishop/core/base/Controller.php | Строка: 30
===============
[2021-02-03 22:20:35] Текст ошибки: Class 'ishop\base\view' not found | Файл: /var/www/html/ishopYli.loc/vendor/ishop/core/base/Controller.php | Строка: 30
===============
[2021-02-03 22:20:35] Текст ошибки: Class 'ishop\base\view' not found | Файл: /var/www/html/ishopYli.loc/vendor/ishop/core/base/Controller.php | Строка: 30
===============
[2021-02-03 22:20:35] Текст ошибки: Class 'ishop\base\view' not found | Файл: /var/www/html/ishopYli.loc/vendor/ishop/core/base/Controller.php | Строка: 30
===============
[2021-02-03 22:49:21] Текст ошибки: Не найден шаблон  | Файл: /var/www/html/ishopYli.loc/vendor/ishop/core/base/View.php | Строка: 48
===============
[2021-02-04 22:04:52] Текст ошибки: Class 'app\controllers\App' not found | Файл: /var/www/html/ishopYli.loc/app/controllers/MainController.php | Строка: 13
===============
[2021-02-05 19:43:19] Текст ошибки: Call to undefined method app\controllers\PageController::getView() | Файл: /var/www/html/ishopYli.loc/vendor/ishop/core/Router.php | Строка: 34
===============
[2021-02-05 19:46:00] Текст ошибки: Не найден вид /var/www/html/ishopYli.loc/app/views/Page/view.php | Файл: /var/www/html/ishopYli.loc/vendor/ishop/core/base/View.php | Строка: 40
===============
[2021-02-05 19:46:02] Текст ошибки: Не найден вид /var/www/html/ishopYli.loc/app/views/Page/view.php | Файл: /var/www/html/ishopYli.loc/vendor/ishop/core/base/View.php | Строка: 40
===============
[2021-02-05 19:46:03] Текст ошибки: Не найден вид /var/www/html/ishopYli.loc/app/views/Page/view.php | Файл: /var/www/html/ishopYli.loc/vendor/ishop/core/base/View.php | Строка: 40
===============
[2021-02-05 19:46:03] Текст ошибки: Не найден вид /var/www/html/ishopYli.loc/app/views/Page/view.php | Файл: /var/www/html/ishopYli.loc/vendor/ishop/core/base/View.php | Строка: 40
===============
[2021-02-05 19:46:59] Текст ошибки: Не найден вид /var/www/html/ishopYli.loc/app/views/Page/view.php | Файл: /var/www/html/ishopYli.loc/vendor/ishop/core/base/View.php | Строка: 40
===============
[2021-02-05 21:05:45] Текст ошибки: Не найден вид /var/www/html/ishopYli.loc/app/views/Page/view.php | Файл: /var/www/html/ishopYli.loc/vendor/ishop/core/base/View.php | Строка: 40
===============
[2021-02-05 21:05:46] Текст ошибки: Не найден вид /var/www/html/ishopYli.loc/app/views/Page/view.php | Файл: /var/www/html/ishopYli.loc/vendor/ishop/core/base/View.php | Строка: 40
===============
[2021-02-05 21:05:47] Текст ошибки: Не найден вид /var/www/html/ishopYli.loc/app/views/Page/view.php | Файл: /var/www/html/ishopYli.loc/vendor/ishop/core/base/View.php | Строка: 40
===============
[2021-02-05 21:05:47] Текст ошибки: Не найден вид /var/www/html/ishopYli.loc/app/views/Page/view.php | Файл: /var/www/html/ishopYli.loc/vendor/ishop/core/base/View.php | Строка: 40
===============
[2021-02-05 21:05:47] Текст ошибки: Не найден вид /var/www/html/ishopYli.loc/app/views/Page/view.php | Файл: /var/www/html/ishopYli.loc/vendor/ishop/core/base/View.php | Строка: 40
===============
[2021-02-05 21:05:48] Текст ошибки: Не найден вид /var/www/html/ishopYli.loc/app/views/Page/view.php | Файл: /var/www/html/ishopYli.loc/vendor/ishop/core/base/View.php | Строка: 40
===============
[2021-02-05 21:05:48] Текст ошибки: Не найден вид /var/www/html/ishopYli.loc/app/views/Page/view.php | Файл: /var/www/html/ishopYli.loc/vendor/ishop/core/base/View.php | Строка: 40
===============
[2021-02-05 21:05:50] Текст ошибки: Не найден вид /var/www/html/ishopYli.loc/app/views/Page/view.php | Файл: /var/www/html/ishopYli.loc/vendor/ishop/core/base/View.php | Строка: 40
===============
[2021-02-05 21:05:50] Текст ошибки: Не найден вид /var/www/html/ishopYli.loc/app/views/Page/view.php | Файл: /var/www/html/ishopYli.loc/vendor/ishop/core/base/View.php | Строка: 40
===============
[2021-02-05 22:27:24] Текст ошибки: syntax error, unexpected end of file | Файл: /var/www/html/ishopYli.loc/app/views/Main/index.php | Строка: 9
===============
[2021-02-06 20:18:48] Текст ошибки: Нет соединения с БД | Файл: /var/www/html/ishopYli.loc/vendor/ishop/core/Db.php | Строка: 15
===============
[2021-02-06 20:18:49] Текст ошибки: Нет соединения с БД | Файл: /var/www/html/ishopYli.loc/vendor/ishop/core/Db.php | Строка: 15
===============
[2021-02-06 20:18:51] Текст ошибки: Нет соединения с БД | Файл: /var/www/html/ishopYli.loc/vendor/ishop/core/Db.php | Строка: 15
===============
[2021-02-06 20:18:52] Текст ошибки: Нет соединения с БД | Файл: /var/www/html/ishopYli.loc/vendor/ishop/core/Db.php | Строка: 15
===============
[2021-02-06 21:01:11] Текст ошибки: Call to undefined function ishop\unserialie() | Файл: /var/www/html/ishopYli.loc/vendor/ishop/core/Cache.php | Строка: 26
===============
[2021-02-06 21:01:12] Текст ошибки: Call to undefined function ishop\unserialie() | Файл: /var/www/html/ishopYli.loc/vendor/ishop/core/Cache.php | Строка: 26
===============
[2021-02-06 21:01:12] Текст ошибки: Call to undefined function ishop\unserialie() | Файл: /var/www/html/ishopYli.loc/vendor/ishop/core/Cache.php | Строка: 26
===============
[2021-02-06 21:01:12] Текст ошибки: Call to undefined function ishop\unserialie() | Файл: /var/www/html/ishopYli.loc/vendor/ishop/core/Cache.php | Строка: 26
===============
[2021-02-06 21:01:13] Текст ошибки: Call to undefined function ishop\unserialie() | Файл: /var/www/html/ishopYli.loc/vendor/ishop/core/Cache.php | Строка: 26
===============
[2021-02-06 21:02:31] Текст ошибки: Call to undefined function ishop\unserialie() | Файл: /var/www/html/ishopYli.loc/vendor/ishop/core/Cache.php | Строка: 26
===============
[2021-02-07 00:40:14] Текст ошибки: Call to undefined function ishop\unlik() | Файл: /var/www/html/ishopYli.loc/vendor/ishop/core/Cache.php | Строка: 30
===============
[2021-02-07 18:51:56] Текст ошибки: Call to undefined function ishop\unlik() | Файл: /var/www/html/ishopYli.loc/vendor/ishop/core/Cache.php | Строка: 30
===============
[2021-02-07 23:44:04] Текст ошибки: Call to undefined function ishop\unlik() | Файл: /var/www/html/ishopYli.loc/vendor/ishop/core/Cache.php | Строка: 30
===============
[2021-02-08 20:24:24] Текст ошибки: Страница не найдена | Файл: /var/www/html/ishopYli.loc/vendor/ishop/core/Router.php | Строка: 46
===============
[2021-02-08 20:24:24] Текст ошибки: Страница не найдена | Файл: /var/www/html/ishopYli.loc/vendor/ishop/core/Router.php | Строка: 46
===============
[2021-02-08 20:24:24] Текст ошибки: Страница не найдена | Файл: /var/www/html/ishopYli.loc/vendor/ishop/core/Router.php | Строка: 46
===============
[2021-02-08 20:24:24] Текст ошибки: Страница не найдена | Файл: /var/www/html/ishopYli.loc/vendor/ishop/core/Router.php | Строка: 46
===============
[2021-02-08 20:24:24] Текст ошибки: Страница не найдена | Файл: /var/www/html/ishopYli.loc/vendor/ishop/core/Router.php | Строка: 46
===============
[2021-02-08 20:24:24] Текст ошибки: Страница не найдена | Файл: /var/www/html/ishopYli.loc/vendor/ishop/core/Router.php | Строка: 46
===============
[2021-02-08 20:24:24] Текст ошибки: Страница не найдена | Файл: /var/www/html/ishopYli.loc/vendor/ishop/core/Router.php | Строка: 46
===============
[2021-02-08 20:24:24] Текст ошибки: Страница не найдена | Файл: /var/www/html/ishopYli.loc/vendor/ishop/core/Router.php | Строка: 46
===============
[2021-02-08 20:24:24] Текст ошибки: Страница не найдена | Файл: /var/www/html/ishopYli.loc/vendor/ishop/core/Router.php | Строка: 46
===============
[2021-02-08 20:24:24] Текст ошибки: Страница не найдена | Файл: /var/www/html/ishopYli.loc/vendor/ishop/core/Router.php | Строка: 46
===============
[2021-02-08 20:24:24] Текст ошибки: Страница не найдена | Файл: /var/www/html/ishopYli.loc/vendor/ishop/core/Router.php | Строка: 46
===============
[2021-02-08 20:24:24] Текст ошибки: Страница не найдена | Файл: /var/www/html/ishopYli.loc/vendor/ishop/core/Router.php | Строка: 46
===============
[2021-02-08 20:24:24] Текст ошибки: Страница не найдена | Файл: /var/www/html/ishopYli.loc/vendor/ishop/core/Router.php | Строка: 46
===============
[2021-02-08 20:24:24] Текст ошибки: Страница не найдена | Файл: /var/www/html/ishopYli.loc/vendor/ishop/core/Router.php | Строка: 46
===============
[2021-02-08 20:24:24] Текст ошибки: Страница не найдена | Файл: /var/www/html/ishopYli.loc/vendor/ishop/core/Router.php | Строка: 46
===============
[2021-02-08 20:24:24] Текст ошибки: Страница не найдена | Файл: /var/www/html/ishopYli.loc/vendor/ishop/core/Router.php | Строка: 46
===============
[2021-02-08 20:24:24] Текст ошибки: Страница не найдена | Файл: /var/www/html/ishopYli.loc/vendor/ishop/core/Router.php | Строка: 46
===============
[2021-02-08 20:24:24] Текст ошибки: Страница не найдена | Файл: /var/www/html/ishopYli.loc/vendor/ishop/core/Router.php | Строка: 46
===============
[2021-02-08 20:24:24] Текст ошибки: Страница не найдена | Файл: /var/www/html/ishopYli.loc/vendor/ishop/core/Router.php | Строка: 46
===============
[2021-02-08 20:24:24] Текст ошибки: Страница не найдена | Файл: /var/www/html/ishopYli.loc/vendor/ishop/core/Router.php | Строка: 46
===============
[2021-02-08 20:24:24] Текст ошибки: Страница не найдена | Файл: /var/www/html/ishopYli.loc/vendor/ishop/core/Router.php | Строка: 46
===============
[2021-02-08 20:24:24] Текст ошибки: Страница не найдена | Файл: /var/www/html/ishopYli.loc/vendor/ishop/core/Router.php | Строка: 46
===============
[2021-02-08 20:24:24] Текст ошибки: Страница не найдена | Файл: /var/www/html/ishopYli.loc/vendor/ishop/core/Router.php | Строка: 46
===============
[2021-02-08 20:24:24] Текст ошибки: Страница не найдена | Файл: /var/www/html/ishopYli.loc/vendor/ishop/core/Router.php | Строка: 46
===============
[2021-02-08 20:24:24] Текст ошибки: Страница не найдена | Файл: /var/www/html/ishopYli.loc/vendor/ishop/core/Router.php | Строка: 46
===============
[2021-02-08 20:24:24] Текст ошибки: Страница не найдена | Файл: /var/www/html/ishopYli.loc/vendor/ishop/core/Router.php | Строка: 46
===============
[2021-02-08 20:24:24] Текст ошибки: Страница не найдена | Файл: /var/www/html/ishopYli.loc/vendor/ishop/core/Router.php | Строка: 46
===============
[2021-02-08 20:24:24] Текст ошибки: Страница не найдена | Файл: /var/www/html/ishopYli.loc/vendor/ishop/core/Router.php | Строка: 46
===============
[2021-02-08 20:24:24] Текст ошибки: Страница не найдена | Файл: /var/www/html/ishopYli.loc/vendor/ishop/core/Router.php | Строка: 46
===============
[2021-02-08 20:27:16] Текст ошибки: Страница не найдена | Файл: /var/www/html/ishopYli.loc/vendor/ishop/core/Router.php | Строка: 46
===============
[2021-02-08 20:27:16] Текст ошибки: Страница не найдена | Файл: /var/www/html/ishopYli.loc/vendor/ishop/core/Router.php | Строка: 46
===============
[2021-02-08 20:27:16] Текст ошибки: Страница не найдена | Файл: /var/www/html/ishopYli.loc/vendor/ishop/core/Router.php | Строка: 46
===============
[2021-02-08 20:27:16] Текст ошибки: Страница не найдена | Файл: /var/www/html/ishopYli.loc/vendor/ishop/core/Router.php | Строка: 46
===============
[2021-02-08 20:27:16] Текст ошибки: Страница не найдена | Файл: /var/www/html/ishopYli.loc/vendor/ishop/core/Router.php | Строка: 46
===============
[2021-02-08 20:27:16] Текст ошибки: Страница не найдена | Файл: /var/www/html/ishopYli.loc/vendor/ishop/core/Router.php | Строка: 46
===============
[2021-02-08 20:27:16] Текст ошибки: Страница не найдена | Файл: /var/www/html/ishopYli.loc/vendor/ishop/core/Router.php | Строка: 46
===============
[2021-02-08 20:27:16] Текст ошибки: Страница не найдена | Файл: /var/www/html/ishopYli.loc/vendor/ishop/core/Router.php | Строка: 46
===============
[2021-02-08 20:27:16] Текст ошибки: Страница не найдена | Файл: /var/www/html/ishopYli.loc/vendor/ishop/core/Router.php | Строка: 46
===============
[2021-02-08 20:27:16] Текст ошибки: Страница не найдена | Файл: /var/www/html/ishopYli.loc/vendor/ishop/core/Router.php | Строка: 46
===============
[2021-02-08 20:27:16] Текст ошибки: Страница не найдена | Файл: /var/www/html/ishopYli.loc/vendor/ishop/core/Router.php | Строка: 46
===============
[2021-02-08 20:27:16] Текст ошибки: Страница не найдена | Файл: /var/www/html/ishopYli.loc/vendor/ishop/core/Router.php | Строка: 46
===============
[2021-02-08 20:27:16] Текст ошибки: Страница не найдена | Файл: /var/www/html/ishopYli.loc/vendor/ishop/core/Router.php | Строка: 46
===============
[2021-02-08 20:27:16] Текст ошибки: Страница не найдена | Файл: /var/www/html/ishopYli.loc/vendor/ishop/core/Router.php | Строка: 46
===============
[2021-02-08 20:27:16] Текст ошибки: Страница не найдена | Файл: /var/www/html/ishopYli.loc/vendor/ishop/core/Router.php | Строка: 46
===============
[2021-02-08 20:27:16] Текст ошибки: Страница не найдена | Файл: /var/www/html/ishopYli.loc/vendor/ishop/core/Router.php | Строка: 46
===============
[2021-02-08 20:27:16] Текст ошибки: Страница не найдена | Файл: /var/www/html/ishopYli.loc/vendor/ishop/core/Router.php | Строка: 46
===============
[2021-02-08 20:27:16] Текст ошибки: Страница не найдена | Файл: /var/www/html/ishopYli.loc/vendor/ishop/core/Router.php | Строка: 46
===============
[2021-02-08 20:27:16] Текст ошибки: Страница не найдена | Файл: /var/www/html/ishopYli.loc/vendor/ishop/core/Router.php | Строка: 46
===============
[2021-02-08 20:27:16] Текст ошибки: Страница не найдена | Файл: /var/www/html/ishopYli.loc/vendor/ishop/core/Router.php | Строка: 46
===============
[2021-02-08 20:27:16] Текст ошибки: Страница не найдена | Файл: /var/www/html/ishopYli.loc/vendor/ishop/core/Router.php | Строка: 46
===============
[2021-02-08 20:27:16] Текст ошибки: Страница не найдена | Файл: /var/www/html/ishopYli.loc/vendor/ishop/core/Router.php | Строка: 46
===============
[2021-02-08 20:27:16] Текст ошибки: Страница не найдена | Файл: /var/www/html/ishopYli.loc/vendor/ishop/core/Router.php | Строка: 46
===============
[2021-02-08 20:27:16] Текст ошибки: Страница не найдена | Файл: /var/www/html/ishopYli.loc/vendor/ishop/core/Router.php | Строка: 46
===============
[2021-02-08 20:27:16] Текст ошибки: Страница не найдена | Файл: /var/www/html/ishopYli.loc/vendor/ishop/core/Router.php | Строка: 46
===============
[2021-02-08 20:27:16] Текст ошибки: Страница не найдена | Файл: /var/www/html/ishopYli.loc/vendor/ishop/core/Router.php | Строка: 46
===============
[2021-02-08 20:27:16] Текст ошибки: Страница не найдена | Файл: /var/www/html/ishopYli.loc/vendor/ishop/core/Router.php | Строка: 46
===============
[2021-02-08 20:27:16] Текст ошибки: Страница не найдена | Файл: /var/www/html/ishopYli.loc/vendor/ishop/core/Router.php | Строка: 46
===============
[2021-02-08 20:27:16] Текст ошибки: Страница не найдена | Файл: /var/www/html/ishopYli.loc/vendor/ishop/core/Router.php | Строка: 46
===============
[2021-02-08 20:27:16] Текст ошибки: Страница не найдена | Файл: /var/www/html/ishopYli.loc/vendor/ishop/core/Router.php | Строка: 46
===============
[2021-02-08 20:33:11] Текст ошибки: Страница не найдена | Файл: /var/www/html/ishopYli.loc/vendor/ishop/core/Router.php | Строка: 46
===============
[2021-02-08 20:33:11] Текст ошибки: Страница не найдена | Файл: /var/www/html/ishopYli.loc/vendor/ishop/core/Router.php | Строка: 46
===============
[2021-02-08 20:33:11] Текст ошибки: Страница не найдена | Файл: /var/www/html/ishopYli.loc/vendor/ishop/core/Router.php | Строка: 46
===============
[2021-02-08 20:33:12] Текст ошибки: Страница не найдена | Файл: /var/www/html/ishopYli.loc/vendor/ishop/core/Router.php | Строка: 46
===============
[2021-02-08 20:33:12] Текст ошибки: Страница не найдена | Файл: /var/www/html/ishopYli.loc/vendor/ishop/core/Router.php | Строка: 46
===============
[2021-02-08 20:33:12] Текст ошибки: Страница не найдена | Файл: /var/www/html/ishopYli.loc/vendor/ishop/core/Router.php | Строка: 46
===============
[2021-02-08 20:33:12] Текст ошибки: Страница не найдена | Файл: /var/www/html/ishopYli.loc/vendor/ishop/core/Router.php | Строка: 46
===============
[2021-02-08 20:33:12] Текст ошибки: Страница не найдена | Файл: /var/www/html/ishopYli.loc/vendor/ishop/core/Router.php | Строка: 46
===============
[2021-02-08 20:33:12] Текст ошибки: Страница не найдена | Файл: /var/www/html/ishopYli.loc/vendor/ishop/core/Router.php | Строка: 46
===============
[2021-02-08 20:33:12] Текст ошибки: Страница не найдена | Файл: /var/www/html/ishopYli.loc/vendor/ishop/core/Router.php | Строка: 46
===============
[2021-02-08 20:33:12] Текст ошибки: Страница не найдена | Файл: /var/www/html/ishopYli.loc/vendor/ishop/core/Router.php | Строка: 46
===============
[2021-02-08 20:33:12] Текст ошибки: Страница не найдена | Файл: /var/www/html/ishopYli.loc/vendor/ishop/core/Router.php | Строка: 46
===============
[2021-02-08 20:33:12] Текст ошибки: Страница не найдена | Файл: /var/www/html/ishopYli.loc/vendor/ishop/core/Router.php | Строка: 46
===============
[2021-02-08 20:33:12] Текст ошибки: Страница не найдена | Файл: /var/www/html/ishopYli.loc/vendor/ishop/core/Router.php | Строка: 46
===============
[2021-02-08 20:33:12] Текст ошибки: Страница не найдена | Файл: /var/www/html/ishopYli.loc/vendor/ishop/core/Router.php | Строка: 46
===============
[2021-02-08 20:33:12] Текст ошибки: Страница не найдена | Файл: /var/www/html/ishopYli.loc/vendor/ishop/core/Router.php | Строка: 46
===============
[2021-02-08 20:33:12] Текст ошибки: Страница не найдена | Файл: /var/www/html/ishopYli.loc/vendor/ishop/core/Router.php | Строка: 46
===============
[2021-02-08 20:33:12] Текст ошибки: Страница не найдена | Файл: /var/www/html/ishopYli.loc/vendor/ishop/core/Router.php | Строка: 46
===============
[2021-02-08 20:33:12] Текст ошибки: Страница не найдена | Файл: /var/www/html/ishopYli.loc/vendor/ishop/core/Router.php | Строка: 46
===============
[2021-02-08 20:33:12] Текст ошибки: Страница не найдена | Файл: /var/www/html/ishopYli.loc/vendor/ishop/core/Router.php | Строка: 46
===============
[2021-02-08 20:33:12] Текст ошибки: Страница не найдена | Файл: /var/www/html/ishopYli.loc/vendor/ishop/core/Router.php | Строка: 46
===============
[2021-02-08 20:33:12] Текст ошибки: Страница не найдена | Файл: /var/www/html/ishopYli.loc/vendor/ishop/core/Router.php | Строка: 46
===============
[2021-02-08 20:33:12] Текст ошибки: Страница не найдена | Файл: /var/www/html/ishopYli.loc/vendor/ishop/core/Router.php | Строка: 46
===============
[2021-02-08 20:33:12] Текст ошибки: Страница не найдена | Файл: /var/www/html/ishopYli.loc/vendor/ishop/core/Router.php | Строка: 46
===============
[2021-02-08 20:33:12] Текст ошибки: Страница не найдена | Файл: /var/www/html/ishopYli.loc/vendor/ishop/core/Router.php | Строка: 46
===============
[2021-02-08 20:33:12] Текст ошибки: Страница не найдена | Файл: /var/www/html/ishopYli.loc/vendor/ishop/core/Router.php | Строка: 46
===============
[2021-02-08 20:33:12] Текст ошибки: Страница не найдена | Файл: /var/www/html/ishopYli.loc/vendor/ishop/core/Router.php | Строка: 46
===============
[2021-02-08 20:33:12] Текст ошибки: Страница не найдена | Файл: /var/www/html/ishopYli.loc/vendor/ishop/core/Router.php | Строка: 46
===============
[2021-02-08 20:33:12] Текст ошибки: Страница не найдена | Файл: /var/www/html/ishopYli.loc/vendor/ishop/core/Router.php | Строка: 46
===============
[2021-02-08 20:33:12] Текст ошибки: Страница не найдена | Файл: /var/www/html/ishopYli.loc/vendor/ishop/core/Router.php | Строка: 46
===============
[2021-02-08 20:33:12] Текст ошибки: Страница не найдена | Файл: /var/www/html/ishopYli.loc/vendor/ishop/core/Router.php | Строка: 46
===============
[2021-02-08 20:33:12] Текст ошибки: Страница не найдена | Файл: /var/www/html/ishopYli.loc/vendor/ishop/core/Router.php | Строка: 46
===============
[2021-02-08 20:33:12] Текст ошибки: Страница не найдена | Файл: /var/www/html/ishopYli.loc/vendor/ishop/core/Router.php | Строка: 46
===============
[2021-02-08 20:33:12] Текст ошибки: Страница не найдена | Файл: /var/www/html/ishopYli.loc/vendor/ishop/core/Router.php | Строка: 46
===============
[2021-02-08 20:33:12] Текст ошибки: Страница не найдена | Файл: /var/www/html/ishopYli.loc/vendor/ishop/core/Router.php | Строка: 46
===============
[2021-02-08 20:33:12] Текст ошибки: Страница не найдена | Файл: /var/www/html/ishopYli.loc/vendor/ishop/core/Router.php | Строка: 46
===============
[2021-02-08 20:33:12] Текст ошибки: Страница не найдена | Файл: /var/www/html/ishopYli.loc/vendor/ishop/core/Router.php | Строка: 46
===============
[2021-02-08 20:33:12] Текст ошибки: Страница не найдена | Файл: /var/www/html/ishopYli.loc/vendor/ishop/core/Router.php | Строка: 46
===============
[2021-02-08 20:33:12] Текст ошибки: Страница не найдена | Файл: /var/www/html/ishopYli.loc/vendor/ishop/core/Router.php | Строка: 46
===============
[2021-02-08 20:33:12] Текст ошибки: Страница не найдена | Файл: /var/www/html/ishopYli.loc/vendor/ishop/core/Router.php | Строка: 46
===============
[2021-02-08 20:33:12] Текст ошибки: Страница не найдена | Файл: /var/www/html/ishopYli.loc/vendor/ishop/core/Router.php | Строка: 46
===============
[2021-02-08 20:33:12] Текст ошибки: Страница не найдена | Файл: /var/www/html/ishopYli.loc/vendor/ishop/core/Router.php | Строка: 46
===============
[2021-02-08 20:33:12] Текст ошибки: Страница не найдена | Файл: /var/www/html/ishopYli.loc/vendor/ishop/core/Router.php | Строка: 46
===============
[2021-02-08 20:33:12] Текст ошибки: Страница не найдена | Файл: /var/www/html/ishopYli.loc/vendor/ishop/core/Router.php | Строка: 46
===============
[2021-02-08 20:33:12] Текст ошибки: Страница не найдена | Файл: /var/www/html/ishopYli.loc/vendor/ishop/core/Router.php | Строка: 46
===============
[2021-02-08 20:33:12] Текст ошибки: Страница не найдена | Файл: /var/www/html/ishopYli.loc/vendor/ishop/core/Router.php | Строка: 46
===============
[2021-02-08 20:33:12] Текст ошибки: Страница не найдена | Файл: /var/www/html/ishopYli.loc/vendor/ishop/core/Router.php | Строка: 46
===============
[2021-02-08 20:33:12] Текст ошибки: Страница не найдена | Файл: /var/www/html/ishopYli.loc/vendor/ishop/core/Router.php | Строка: 46
===============
[2021-02-08 20:33:12] Текст ошибки: Страница не найдена | Файл: /var/www/html/ishopYli.loc/vendor/ishop/core/Router.php | Строка: 46
===============
[2021-02-08 20:33:12] Текст ошибки: Страница не найдена | Файл: /var/www/html/ishopYli.loc/vendor/ishop/core/Router.php | Строка: 46
===============
[2021-02-08 20:33:12] Текст ошибки: Страница не найдена | Файл: /var/www/html/ishopYli.loc/vendor/ishop/core/Router.php | Строка: 46
===============
[2021-02-08 20:33:12] Текст ошибки: Страница не найдена | Файл: /var/www/html/ishopYli.loc/vendor/ishop/core/Router.php | Строка: 46
===============
[2021-02-08 20:33:13] Текст ошибки: Страница не найдена | Файл: /var/www/html/ishopYli.loc/vendor/ishop/core/Router.php | Строка: 46
===============
[2021-02-08 20:33:13] Текст ошибки: Страница не найдена | Файл: /var/www/html/ishopYli.loc/vendor/ishop/core/Router.php | Строка: 46
===============
[2021-02-08 20:33:13] Текст ошибки: Страница не найдена | Файл: /var/www/html/ishopYli.loc/vendor/ishop/core/Router.php | Строка: 46
===============
[2021-02-08 20:33:13] Текст ошибки: Страница не найдена | Файл: /var/www/html/ishopYli.loc/vendor/ishop/core/Router.php | Строка: 46
===============
[2021-02-08 20:33:13] Текст ошибки: Страница не найдена | Файл: /var/www/html/ishopYli.loc/vendor/ishop/core/Router.php | Строка: 46
===============
[2021-02-08 20:33:13] Текст ошибки: Страница не найдена | Файл: /var/www/html/ishopYli.loc/vendor/ishop/core/Router.php | Строка: 46
===============
[2021-02-08 20:33:13] Текст ошибки: Страница не найдена | Файл: /var/www/html/ishopYli.loc/vendor/ishop/core/Router.php | Строка: 46
===============
[2021-02-08 20:55:40] Текст ошибки: Страница не найдена | Файл: /var/www/html/ishopYli.loc/vendor/ishop/core/Router.php | Строка: 46
===============
[2021-02-08 20:59:25] Текст ошибки: Страница не найдена | Файл: /var/www/html/ishopYli.loc/vendor/ishop/core/Router.php | Строка: 46
===============
[2021-02-08 20:59:26] Текст ошибки: Страница не найдена | Файл: /var/www/html/ishopYli.loc/vendor/ishop/core/Router.php | Строка: 46
===============
[2021-02-08 20:59:27] Текст ошибки: Страница не найдена | Файл: /var/www/html/ishopYli.loc/vendor/ishop/core/Router.php | Строка: 46
===============
[2021-02-08 20:59:28] Текст ошибки: Страница не найдена | Файл: /var/www/html/ishopYli.loc/vendor/ishop/core/Router.php | Строка: 46
===============
[2021-02-08 20:59:32] Текст ошибки: Страница не найдена | Файл: /var/www/html/ishopYli.loc/vendor/ishop/core/Router.php | Строка: 46
===============
[2021-02-08 20:59:33] Текст ошибки: Страница не найдена | Файл: /var/www/html/ishopYli.loc/vendor/ishop/core/Router.php | Строка: 46
===============
[2021-02-09 22:20:08] Текст ошибки: SQLSTATE[42S02]: Base table or view not found: 1146 Table 'ishop2.brand' doesn't exist | Файл: /var/www/html/ishopYli.loc/vendor/gabordemooij/redbean/RedBeanPHP/Driver/RPDO.php | Строка: 202
===============
